<?xml version="1.0" encoding="UTF-8"?>
<!-- Generated by org.testng.reporters.JUnitReportReporter -->
<testsuite skipped="0" hostname="DESKTOP-5IBKFPL" name="com.generic.BaseTest" tests="1" failures="0" timestamp="04 Jan 2021 10:03:38 GMT" time="14.122" errors="0">
  <testcase name="initializeBrowserSetup" time="14.122" classname="com.generic.BaseTest"/>
</testsuite> <!-- com.generic.BaseTest -->
