<?xml version="1.0" encoding="UTF-8"?>
<!-- Generated by org.testng.reporters.JUnitReportReporter -->
<testsuite hostname="DESKTOP-5IBKFPL" failures="0" tests="10" name="com.script.TestClassPriority" time="0.031" errors="0" timestamp="2021-05-27T17:42:11 IST" skipped="0">
  <testcase classname="com.script.TestClassPriority" name="seven" time="0.003"/>
  <system-out/>
  <testcase classname="com.script.TestClassPriority" name="b_method" time="0.002"/>
  <system-out/>
  <testcase classname="com.script.TestClassPriority" name="ekmethod" time="0.002"/>
  <system-out/>
  <testcase classname="com.script.TestClassPriority" name="eight" time="0.012"/>
  <system-out/>
  <testcase classname="com.script.TestClassPriority" name="test" time="0.001"/>
  <system-out/>
  <testcase classname="com.script.TestClassPriority" name="a" time="0.002"/>
  <system-out/>
  <testcase classname="com.script.TestClassPriority" name="c_method" time="0.002"/>
  <system-out/>
  <testcase classname="com.script.TestClassPriority" name="six" time="0.003"/>
  <system-out/>
  <testcase classname="com.script.TestClassPriority" name="a_method" time="0.002"/>
  <system-out/>
  <testcase classname="com.script.TestClassPriority" name="d_method" time="0.002"/>
  <system-out/>
</testsuite> <!-- com.script.TestClassPriority -->
